error: device 'devices' not found
error: device 'devices' not found
error: device 'devices' not found
  bash arg: --pct-touch
  bash arg: 30
  bash arg: --pct-motion
  bash arg: 20
  bash arg: --pct-nav
  bash arg: 30
  bash arg: --pct-syskeys
  bash arg: 20
  bash arg: -v
  bash arg: --throttle
  bash arg: 500
  bash arg: 400
args: [--pct-touch, 30, --pct-motion, 20, --pct-nav, 30, --pct-syskeys, 20, -v, --throttle, 500, 400]
 arg: "--pct-touch"
 arg: "30"
 arg: "--pct-motion"
 arg: "20"
 arg: "--pct-nav"
 arg: "30"
 arg: "--pct-syskeys"
 arg: "20"
 arg: "-v"
 arg: "--throttle"
 arg: "500"
 arg: "400"
arg="--pct-touch" mCurArgData="null" mNextArg=1 argwas="--pct-touch" nextarg="30"
data="30"
arg="--pct-motion" mCurArgData="null" mNextArg=3 argwas="--pct-motion" nextarg="20"
data="20"
arg="--pct-nav" mCurArgData="null" mNextArg=5 argwas="--pct-nav" nextarg="30"
data="30"
arg="--pct-syskeys" mCurArgData="null" mNextArg=7 argwas="--pct-syskeys" nextarg="20"
data="20"
arg="--throttle" mCurArgData="null" mNextArg=10 argwas="--throttle" nextarg="500"
data="500"
:Monkey: seed=1645755011656 count=400
:IncludeCategory: android.intent.category.LAUNCHER
:IncludeCategory: android.intent.category.MONKEY
// Event percentages:
//   0: 30.0%
//   1: 20.0%
//   2: 0.0%
//   3: 0.0%
//   4: -0.0%
//   5: -0.0%
//   6: 30.0%
//   7: 0.0%
//   8: 20.0%
//   9: 0.0%
//   10: 0.0%
//   11: 0.0%
:Switch: #Intent;action=android.intent.action.MAIN;category=android.intent.category.LAUNCHER;launchFlags=0x10200000;component=com.android.mms/.ui.MmsTabActivity;end
    // Allowing start of Intent { act=android.intent.action.MAIN cat=[android.intent.category.LAUNCHER] cmp=com.android.mms/.ui.MmsTabActivity } in package com.android.mms
    // Allowing start of Intent { act=android.intent.action.MAIN cat=[android.intent.category.LAUNCHER] cmp=com.android.mms/.ui.MmsTabActivity } in package com.android.mms
java.io.FileNotFoundException: /data/system/theme_config/theme_compatibility.xml: open failed: ENOENT (No such file or directory)
	at libcore.io.IoBridge.open(IoBridge.java:496)
	at java.io.FileInputStream.<init>(FileInputStream.java:159)
	at java.io.FileInputStream.<init>(FileInputStream.java:115)
	at java.io.FileReader.<i:Sending Touch (ACTION_DOWN): 0:(353.0,521.0)
:Sending Touch (ACTION_UP): 0:(340.95435,531.06744)
:Sending Touch (ACTION_DOWN): 0:(180.0,1715.0)
:Sending Touch (ACTION_UP): 0:(275.9221,1724.7476)
:Sending Touch (ACTION_DOWN): 0:(786.0,1068.0)
:Sending Touch (ACTION_UP): 0:(797.4541,1064.436)
:Sending Touch (ACTION_DOWN): 0:(878.0,252.0)
    // Injection Failed
    // Injection Failed
    // Injection Failed
:Sending Touch (ACTION_UP): 0:(943.23096,310.07385)
    // Injection Failed
:Sending Touch (ACTION_DOWN): 0:(211.0,1781.0)
:Sending Touch (ACTION_UP): 0:(210.63644,1786.9623)
:Sending Touch (ACTION_DOWN): 0:(735.0,1613.0)
:Sending Touch (ACTION_UP): 0:(734.99414,1609.7448)
:Sending Touch (ACTION_DOWN): 0:(748.0,1367.0)
:Sending Touch (ACTION_UP): 0:(743.623,1370.8026)
:Sending Touch (ACTION_DOWN): 0:(298.0,2043.0)
:Sending Touch (ACTION_UP): 0:(284.45227,2052.4705)
    // Allowing start of Intent { act=android.intent.action.MAIN cat=[android.intent.category.LAUNCHER] cmp=com.android.mms/.ui.ConversationList } in package com.android.mms
:Sending Touch (ACTION_DOWN): 0:(833.0,2041.0)
:Sending Touch (ACTION_UP): 0:(819.1734,2033.7103)
    // Allowing start of Intent { cmp=com.android.mms/.ui.conversation.ConversationActivity } in package com.android.mms
:Sending Touch (ACTION_DOWN): 0:(553.0,1518.0)
:Sending Touch (ACTION_UP): 0:(625.67084,1577.6661)
:Sending Touch (ACTION_DOWN): 0:(1028.0,1660.0)
:Sending Touch (ACTION_UP): 0:(1032.138,1659.0342)
:Sending Touch (ACTION_DOWN): 0:(551.0,1538.0)
:Sending Touch (ACTION_UP): 0:(536.60364,1536.9475)
:Sending Touch (ACTION_DOWN): 0:(312.0,179.0)
:Sending Touch (ACTION_UP): 0:(300.6298,208.04527)
:Sending Touch (ACTION_DOWN): 0:(862.0,2.0)
:Sending Touch (ACTION_UP): 0:(857.52356,11.003123)
:Sending Touch (ACTION_DOWN): 0:(375.0,510.0)
:Sending Touch (ACTION_UP): 0:(338.25604,462.01672)
:Sending Touch (ACTION_DOWN): 0:(600.0,203.0)
:Sending Touch (ACTION_UP): 0:(583.60956,219.53773)
:Sending Touch (ACTION_DOWN): 0:(171.0,284.0)
    //[calendar_time:2022-02-22 23:32:23.103  system_uptime:182487596]
    // Sending event #100
:Sending Touch (ACTION_UP): 0:(231.55028,368.31598)
    // activityResuming(com.android.mms)
:Sending Touch (ACTION_DOWN): 0:(158.0,936.0)
:Sending Touch (ACTION_UP): 0:(161.08456,936.2764)
    // Allowing start of Intent { cmp=com.android.mms/.ui.conversation.ConversationActivity } in package com.android.mms
:Sending Touch (ACTION_DOWN): 0:(630.0,1515.0)
:Sending Touch (ACTION_UP): 0:(603.7077,1530.3386)
:Sending Touch (ACTION_DOWN): 0:(1063.0,548.0)
:Sending Touch (ACTION_UP): 0:(1062.8376,562.4106)
:Sending Touch (ACTION_DOWN): 0:(566.0,1298.0)
:Sending Touch (ACTION_UP): 0:(552.027,1310.3207)
:Sending Touch (ACTION_DOWN): 0:(199.0,560.0)
:Sending Touch (ACTION_UP): 0:(202.2448,564.63354)
:Sending Touch (ACTION_DOWN): 0:(922.0,561.0)
:Sending Touch (ACTION_UP): 0:(931.1922,561.7469)
:Sending Touch (ACTION_DOWN): 0:(168.0,1319.0)
:Sending Touch (ACTION_UP): 0:(170.78328,1328.3341)
:Sending Touch (ACTION_DOWN): 0:(720.0,1636.0)
:Sending Touch (ACTION_UP): 0:(727.3027,1636.1162)
:Sending Touch (ACTION_DOWN): 0:(264.0,1135.0)
:Sending Touch (ACTION_UP): 0:(258.40076,1115.7316)
:Sending Touch (ACTION_DOWN): 0:(447.0,758.0)
:Sending Touch (ACTION_UP): 0:(437.339,757.9741)
    // activityResuming(com.android.mms)
:Sending Touch (ACTION_DOWN): 0:(680.0,1875.0)
:Sending Touch (ACTION_UP): 0:(674.3343,1869.3038)
:Sending Touch (ACTION_DOWN): 0:(1024.0,504.0)
:Sending Touch (ACTION_UP): 0:(1024.162,487.6362)
    // Allowing start of Intent { cmp=com.android.mms/com.oneplus.mms.ui.conversationlist.ClassifiedConversationListActivity } in package com.android.mms
:Sending Touch (ACTION_DOWN): 0:(778.0,717.0)
:Sending Touch (ACTION_UP): 0:(789.1299,724.189)
    // Allowing start of Intent { cmp=com.android.mms/.ui.conversation.ConversationActivity } in package com.android.mms
:Sending Touch (ACTION_DOWN): 0:(1012.0,756.0)
:Sending Touch (ACTION_UP): 0:(1010.1663,772.01483)
:Sending Touch (ACTION_DOWN): 0:(869.0,725.0)
:Sending Touch (ACTION_UP): 0:(865.29553,730.2536)
:Sending Touch (ACTION_DOWN): 0:(329.0,921.0)
:Sending Touch (ACTION_UP): 0:(315.21582,931.83997)
:Sending Touch (ACTION_DOWN): 0:(282.0,1460.0)
:Sending Touch (ACTION_UP): 0:(298.30353,1449.5131)
:Sending Touch (ACTION_DOWN): 0:(791.0,2051.0)
:Sending Touch (ACTION_UP): 0:(784.49664,2052.5645)
    // Allowing start of Intent { act=android.intent.action.VIEW dat=https://j.tdbear.cn/... cmp=com.quark.browser/com.ucpro.MainActivity } in package com.quark.browser
    // Allowing start of Intent { act=android.intent.action.VIEW dat=https://j.tdbear.cn/... cmp=com.quark.browser/com.ucpro.BrowserActivity } in package com.quark.browser
    // activityResuming(com.quark.browser)
:Sending Touch (ACTION_DOWN): 0:(634.0,1258.0)
    // Injection Failed
:Sending Touch (ACTION_UP): 0:(640.1696,1247.8151)
    // Injection Failed
:Sending Touch (ACTION_DOWN): 0:(885.0,1459.0)
:Sending Touch (ACTION_UP): 0:(885.76715,1445.5317)
:Sending Touch (ACTION_DOWN): 0:(141.0,485.0)
:Sending Touch (ACTION_UP): 0:(134.74518,489.54352)
:Sending Touch (ACTION_DOWN): 0:(775.0,1566.0)
:Sending Touch (ACTION_UP): 0:(773.56976,1584.9468)
    //[calendar_time:2022-02-22 23:32:47.422  system_uptime:182511915]
    // Sending event #200
:Sending Touch (ACTION_DOWN): 0:(486.0,1472.0)
:Sending Touch (ACTION_UP): 0:(590.9672,1523.4583)
    // activityResuming(com.quark.browser)
:Sending Touch (ACTION_DOWN): 0:(371.0,1621.0)
:Sending Touch (ACTION_UP): 0:(373.37094,1622.8785)
:Sending Touch (ACTION_DOWN): 0:(704.0,1918.0)
:Sending Touch (ACTION_UP): 0:(689.98987,1918.2599)
:Sending Touch (ACTION_DOWN): 0:(392.0,551.0)
:Sending Touch (ACTION_UP): 0:(394.7925,543.62866)
:Sending Touch (ACTION_DOWN): 0:(503.0,343.0)
:Sending Touch (ACTION_UP): 0:(490.27075,356.25186)
:Sending Touch (ACTION_DOWN): 0:(721.0,1843.0)
:Sending Touch (ACTION_UP): 0:(708.0436,1834.5571)
:Sending Touch (ACTION_DOWN): 0:(334.0,1158.0)
:Sending Touch (ACTION_UP): 0:(332.96484,1173.6055)
:Sending Touch (ACTION_DOWN): 0:(1072.0,1211.0)
:Sending Touch (ACTION_UP): 0:(1080.0,1285.7255)
    // activityResuming(com.android.mms)
:Sending Touch (ACTION_DOWN): 0:(918.0,204.0)
:Sending Touch (ACTION_UP): 0:(913.23676,194.81094)
:Sending Touch (ACTION_DOWN): 0:(169.0,1437.0)
:Sending Touch (ACTION_UP): 0:(162.84346,1411.8496)
    // Allowing start of Intent { cmp=com.android.mms/.ui.conversation.ConversationActivity } in package com.android.mms
:Sending Touch (ACTION_DOWN): 0:(1018.0,458.0)
:Sending Touch (ACTION_UP): 0:(1026.7787,440.09155)
:Sending Touch (ACTION_DOWN): 0:(986.0,1777.0)
:Sending Touch (ACTION_UP): 0:(986.3385,1763.0469)
:Sending Touch (ACTION_DOWN): 0:(25.0,357.0)
:Sending Touch (ACTION_UP): 0:(23.897055,379.64658)
:Sending Touch (ACTION_DOWN): 0:(1059.0,1834.0)
:Sending Touch (ACTION_UP): 0:(1080.0,1869.8357)
:Sending Touch (ACTION_DOWN): 0:(238.0,1850.0)
:Sending Touch (ACTION_UP): 0:(236.87352,1839.956)
:Sending Touch (ACTION_DOWN): 0:(57.0,681.0)
:Sending Touch (ACTION_UP): 0:(61.68411,680.19257)
:Sending Touch (ACTION_DOWN): 0:(774.0,986.0)
:Sending Touch (ACTION_UP): 0:(769.6126,986.04584)
    //[calendar_time:2022-02-22 23:33:09.384  system_uptime:182533877]
    // Sending event #300
    //[calendar_time:2022-02-22 23:33:09.885  system_uptime:182534378]
    // Sending event #300
:Sending Touch (ACTION_DOWN): 0:(127.0,1593.0)
:Sending Touch (ACTION_UP): 0:(127.40686,1585.9939)
:Sending Touch (ACTION_DOWN): 0:(1072.0,1355.0)
:Sending Touch (ACTION_UP): 0:(1080.0,1372.2761)
:Sending Touch (ACTION_DOWN): 0:(183.0,378.0)
:Sending Touch (ACTION_UP): 0:(196.15742,370.8011)
:Sending Touch (ACTION_DOWN): 0:(619.0,1985.0)
:Sending Touch (ACTION_UP): 0:(618.1176,1984.8083)
:Sending Touch (ACTION_DOWN): 0:(953.0,1334.0)
:Sending Touch (ACTION_UP): 0:(996.6955,1354.4838)
:Sending Touch (ACTION_DOWN): 0:(403.0,708.0)
:Sending Touch (ACTION_UP): 0:(394.41956,700.267)
:Sending Touch (ACTION_DOWN): 0:(713.0,1205.0)
:Sending Touch (ACTION_UP): 0:(714.34015,1213.6179)
g Touch (ACTION_UP): 0:(409.2124,1847.3583)
:Sending Touch (ACTION_DOWN): 0:(387.0,1229.0)
:Sending Touch (ACTION_UP): 0:(369.54224,1251.6824)
:Sending Touch (ACTION_DOWN): 0:(1059.0,1541.0)
:Sending Touch (ACTION_UP): 0:(1056.3704,1530.904)
:Sending Touch (ACTION_DOWN): 0:(608.0,1421.0)
:Sending Touch (ACTION_UP): 0:(611.19885,1430.1614)
:Sending Touch (ACTION_DOWN): 0:(824.0,531.0)
:Sending Touch (ACTION_UP): 0:(818.2669,539.2872)
:Sending Touch (ACTION_DOWN): 0:(327.0,249.0)
:Sending Touch (ACTION_UP): 0:(332.68573,254.40295)
:Sending Touch (ACTION_DOWN): 0:(157.0,2019.0)
:Sending Touch (ACTION_UP): 0:(204.23785,1951.3567)
:Sending Touch (ACTION_DOWN): 0:(504.0,645.0)
:Sending Touch (ACTION_UP): 0:(532.85974,603.3789)
:Sending Touch (ACTION_DOWN): 0:(314.0,755.0)
:Sending Touch (ACTION_UP): 0:(310.45795,754.93243)
:Sending Touch (ACTION_DOWN): 0:(49.0,1683.0)
:Sending Touch (ACTION_UP): 0:(36.581406,1694.4946)
:Sending Touch (ACTION_DOWN): 0:(663.0,1314.0)
:Sending Touch (ACTION_UP): 0:(645.14716,1230.6569)
:Sending Touch (ACTION_DOWN): 0:(873.0,1425.0)
:Sending Touch (ACTION_UP): 0:(875.52405,1432.2418)
    // Allowing start of Intent { act=android.intent.action.INSERT_OR_EDIT typ=vnd.android.cursor.item/raw_contact pkg=com.android.contacts cmp=com.android.contacts/.activities.ContactPhonePickerActivity } in package com.android.contacts
    // Allowing start of Intent { act=android.intent.action.INSERT_OR_EDIT typ=vnd.android.cursor.item/raw_contact pkg=com.android.contacts cmp=com.android.contacts/.activities.ContactPhonePickerActivity } in package com.android.contacts
    // activityResuming(com.android.contacts)
:Sending Touch (ACTION_DOWN): 0:(565.0,1489.0)
    //[calendar_time:2022-02-22 23:33:02.299  system_uptime:792704168]
    // Sending event #300
:Sending Touch (ACTION_UP): 0:(651.40186,1496.6573)
:Sending Touch (ACTION_DOWN): 0:(712.0,270.0)
:Sending Touch (ACTION_UP): 0:(719.57294,290.25168)
:Sending Touch (ACTION_DOWN): 0:(147.0,2023.0)
:Sending Touch (ACTION_UP): 0:(160.15784,2021.817)
:Sending Touch (ACTION_DOWN): 0:(931.0,1822.0)
:Sending Touch (ACTION_UP): 0:(813.92334,1754.6166)
:Sending Touch (ACTION_DOWN): 0:(888.0,13.0)
:Sending Touch (ACTION_UP): 0:(886.54224,32.272583)
:Sending Touch (ACTION_DOWN): 0:(889.0,323.0)
:Sending Touch (ACTION_UP): 0:(888.9106,325.80484)
:Sending Touch (ACTION_DOWN): 0:(910.0,1199.0)
:Sending Touch (ACTION_UP): 0:(854.2186,1214.7283)
:Sending Touch (ACTION_DOWN): 0:(388.0,207.0)
:Sending Touch (ACTION_UP): 0:(372.01624,231.62022)
:Sending Touch (ACTION_DOWN): 0:(577.0,788.0)
:Sending Touch (ACTION_UP): 0:(581.5142,792.71497)
    // Allowing start of Intent { act=android.intent.action.INSERT dat=content://com.android.contacts/contacts pkg=com.android.contacts cmp=com.android.contacts/.activities.ContactEditorActivity } in package com.android.contacts
    // Allowing start of Intent { act=android.intent.action.INSERT dat=content://com.android.contacts/contacts pkg=com.android.contacts cmp=com.android.contacts/.activities.ContactEditorActivity } in package com.android.contacts
    // activityResuming(com.android.contacts)
:Sending Touch (ACTION_DOWN): 0:(335.0,913.0)
:Sending Touch (ACTION_UP): 0:(393.6152,889.6469)
:Sending Touch (ACTION_DOWN): 0:(901.0,154.0)
:Sending Touch (ACTION_UP): 0:(977.7784,142.14816)
:Sending Touch (ACTION_DOWN): 0:(952.0,1412.0)
:Sending Touch (ACTION_UP): 0:(993.3009,1323.6567)
:Sending Touch (ACTION_DOWN): 0:(488.0,393.0)
:Sending Touch (ACTION_UP): 0:(489.4486,375.87714)
:Sending Touch (ACTION_DOWN): 0:(867.0,1919.0)
:Sending Touch (ACTION_UP): 0:(895.9971,1963.9108)
Events injected: 400
:Sending rotation degree=0, persist=false
:Dropped: keys=0 pointers=12 trackballs=0 flips=0 rotations=0
## Network stats: elapsed time=63597ms (0ms mobile, 0ms wifi, 63597ms not connected)
// Monkey finished
